136
2 239 238 
2 232 229 
2 228 227 
2 224 223 
2 222 220 
2 216 215 
2 211 205 
2 209 202 
2 206 194 
2 191 184 
2 183 179 
2 178 176 
2 173 171 
2 169 168 
2 167 161 
2 157 150 
3 180 217 207 
3 162 204 200 
3 149 198 195 
3 91 186 185 
3 13 174 172 
3 10 164 160 
3 3 153 152 
3 494 144 138 
3 461 136 132 
3 450 129 128 
3 446 124 119 
3 432 116 115 
3 425 112 109 
3 390 107 106 
3 379 104 100 
3 377 92 81 
3 365 80 79 
3 361 78 76 
3 359 69 66 
3 307 59 56 
3 304 54 46 
3 267 44 41 
3 254 36 32 
3 233 40 29 
3 151 27 25 
3 148 22 16 
3 114 496 493 
3 101 491 489 
3 95 488 487 
3 70 485 483 
3 50 481 478 
3 45 477 476 
3 26 471 470 
3 480 469 466 
3 479 465 458 
3 464 457 456 
3 440 436 435 
3 428 426 417 
3 418 416 415 
3 413 408 406 
3 404 402 398 
3 393 389 383 
3 386 382 380 
3 381 374 370 
3 368 366 357 
3 355 354 349 
3 346 343 342 
3 344 340 335 
3 338 331 327 
3 323 321 318 
3 317 316 314 
3 313 312 309 
3 308 305 303 
3 297 296 293 
3 291 290 287 
3 281 272 265 
3 275 262 260 
3 270 257 255 
3 253 250 248 
3 246 243 241 
4 441 300 492 414 
4 423 358 14 337 
4 420 334 322 141 
4 369 120 47 12 
4 333 7 495 454 
4 286 443 421 319 
4 252 279 266 264 
4 197 213 212 210 
4 196 155 73 452 
4 190 445 434 433 
4 97 410 405 387 
4 93 371 360 352 
4 35 330 324 320 
4 28 298 170 158 
4 482 156 147 111 
4 326 72 52 48 
4 165 189 20 19 
4 33 11 5 0 
4 315 498 484 475 
4 306 256 497 486 
4 299 17 472 462 
4 21 449 448 438 
4 1 437 431 430 
4 154 429 424 419 
4 86 412 409 403 
4 301 376 64 473 
4 182 400 399 397 
4 463 367 356 310 
4 451 396 394 391 
4 350 364 362 353 
4 329 288 277 258 
4 261 345 294 278 
4 234 249 231 208 
4 221 187 166 108 
4 113 276 236 218 
4 38 499 199 188 
4 455 61 15 439 
4 385 392 388 348 
4 311 273 177 175 
4 292 240 163 159 
4 271 193 123 121 
4 219 181 117 105 
4 60 99 90 71 
4 34 65 31 23 
4 474 336 328 302 
4 467 18 8 490 
4 459 268 263 230 
4 447 225 203 192 
4 444 139 89 55 
4 442 24 6 468 
4 427 460 453 411 
4 422 407 401 395 
4 384 378 373 372 
4 375 347 341 339 
4 351 325 289 284 
4 283 282 274 269 
4 242 363 332 295 
4 235 285 280 259 
4 214 251 247 245 
4 201 244 237 226 
